<?xml version="1.0" encoding="UTF-8"?>
<testsuite name="SalesAPI"
           tests="2"
           failures="0"
           errors="0"
           skipped="0"
           time="5.687">
    <properties></properties>



            <testcase
                name="getSPCConfigTest"
                time="1.924"
                classname="org.testNodeRedApi.NodeRedAPITests">
            </testcase>
            <testcase
                name="getSPCConfigSchemaValidationTest"
                time="3.763"
                classname="org.testNodeRedApi.NodeRedAPITests">
            </testcase>
</testsuite>
